irun(64): 15.20-s015: (c) Copyright 1995-2016 Cadence Design Systems, Inc.
TOOL:	irun(64)	15.20-s015: Started on Jun 20, 2018 at 15:14:42 IDT
irun
	-clean
	-uvm
	-f tb.f
		pds_pkg.sv
		pds_bfm.sv
		top.sv
		+incdir+tb_classes
	-f dut.f
		pds_dut/pds.sv
	-gui
	-access rwc
	-linedebug
	+UVM_TESTNAME=cpwr_test
	-s
irun: *W,BADPRF: The -linedebug option may have an adverse performance impact.
irun: *N,CLEAN: Removing existing directory ./INCA_libs.
irun: *W,CLEANF: Failed to remove the directory ./INCA_libs.
Compiling UVM packages (uvm_pkg.sv cdns_uvm_pkg.sv) using uvmhome location /apps/Infrasys/apps/incisiv/15.20.015/linuxamd/tools/methodology/UVM/CDNS-1.1d
file: pds_pkg.sv
	package worklib.pds_pkg:sv
		errors: 0, warnings: 0
file: pds_bfm.sv
	interface worklib.pds_bfm:sv
		errors: 0, warnings: 0
file: top.sv
	module worklib.top:sv
		errors: 0, warnings: 0
file: pds_dut/pds.sv
	module worklib.pds:sv
		errors: 0, warnings: 0
		Caching library 'worklib' ....... Done
	Elaborating the design hierarchy:
	Top level design units:
		uvm_pkg
		cdns_uvmapi
		cdns_assert2uvm_pkg
		cdns_uvm_pkg
		pds_pkg
		top
ncelab: *W,DSEMEL: This SystemVerilog design will be simulated as per IEEE 1800-2009 SystemVerilog simulation semantics. Use -disable_sem2009 option for turning off SV 2009 simulation semantics.
	Building instance overlay tables: .................... Done
	Generating native compiled code:
		worklib.cdns_assert2uvm_pkg:sv <0x74f741bc>
			streams:   3, words:  3377
		worklib.cdns_uvm_pkg:sv <0x47e8b9f4>
			streams: 136, words: 344531
		worklib.cdns_uvm_pkg:sv <0x6225bfe4>
			streams:  28, words: 55120
		worklib.cdns_uvm_pkg:sv <0x71817c14>
			streams:   9, words:  8138
		worklib.cdns_uvm_pkg:sv <0x76d1129e>
			streams:  10, words: 11032
		worklib.cdns_uvmapi:svp <0x1528f730>
			streams:  27, words: 46995
		worklib.pds:sv <0x794614d0>
			streams:   7, words: 17872
		worklib.pds_bfm:sv <0x6f5ee685>
			streams:   3, words:  6648
		worklib.pds_pkg:sv <0x0cf2cda4>
			streams:  23, words: 27167
		worklib.pds_pkg:sv <0x46fe47c7>
			streams:   0, words:     0
		worklib.pds_pkg:sv <0x59543942>
			streams:  29, words: 38640
		worklib.top:sv <0x5e1d2eb5>
			streams:  69, words: 144107
		worklib.uvm_pkg:sv <0x00051341>
			streams:   8, words:  9937
		worklib.uvm_pkg:sv <0x00c9cdd3>
			streams:  17, words: 22558
		worklib.uvm_pkg:sv <0x00d2ac10>
			streams:  25, words: 72222
		worklib.uvm_pkg:sv <0x03aa8bb2>
			streams:   7, words:  8820
		worklib.uvm_pkg:sv <0x1021bcc2>
			streams:  25, words: 70355
		worklib.uvm_pkg:sv <0x10389b6b>
			streams:  22, words: 76683
		worklib.uvm_pkg:sv <0x1b7db80f>
			streams:   7, words:  2820
		worklib.uvm_pkg:sv <0x23870c23>
			streams:  27, words: 52756
		worklib.uvm_pkg:sv <0x23f71852>
			streams:   7, words:  3366
		worklib.uvm_pkg:sv <0x29eb1475>
			streams:  29, words: 140640
		worklib.uvm_pkg:sv <0x2a2ce9b3>
			streams:  25, words: 73464
		worklib.uvm_pkg:sv <0x2afe20ec>
			streams:  27, words: 55454
		worklib.uvm_pkg:sv <0x2f16d1f0>
			streams:   7, words:  3366
		worklib.uvm_pkg:sv <0x32c437fc>
			streams:  23, words: 24014
		worklib.uvm_pkg:sv <0x380e123c>
			streams:  27, words: 48948
		worklib.uvm_pkg:sv <0x4136cf95>
			streams:  16, words: 32960
		worklib.uvm_pkg:sv <0x41690ba7>
			streams:   8, words:  9478
		worklib.uvm_pkg:sv <0x434fa73e>
			streams:  26, words: 45724
		worklib.uvm_pkg:sv <0x447eec11>
			streams:  27, words: 38328
		worklib.uvm_pkg:sv <0x465f17af>
			streams:  22, words: 23597
		worklib.uvm_pkg:sv <0x4f233652>
			streams:  28, words: 41543
		worklib.uvm_pkg:sv <0x4f41a215>
			streams:  23, words: 35066
		worklib.uvm_pkg:sv <0x52db9fff>
			streams:  26, words: 45364
		worklib.uvm_pkg:sv <0x5657b1f1>
			streams:  26, words: 34141
		worklib.uvm_pkg:sv <0x5b48fa00>
			streams:  26, words: 66552
		worklib.uvm_pkg:sv <0x5f56d733>
			streams:  71, words: 172834
		worklib.uvm_pkg:sv <0x61dd4263>
			streams:   9, words:  3896
		worklib.uvm_pkg:sv <0x65a3edbd>
			streams:   7, words:  2540
		worklib.uvm_pkg:sv <0x699d97bf>
			streams:  25, words: 80441
		worklib.uvm_pkg:sv <0x6fadf8f1>
			streams:   7, words:  2532
		worklib.uvm_pkg:sv <0x72c36afb>
			streams:   9, words:  6487
		worklib.uvm_pkg:sv <0x74a1095d>
			streams:  25, words: 75310
		worklib.uvm_pkg:sv <0x767262c2>
			streams:  27, words: 51708
		worklib.uvm_pkg:sv <0x791f58cf>
			streams:  25, words: 50849
		worklib.uvm_pkg:sv <0x7adbef1b>
			streams:  27, words: 64139
		worklib.uvm_pkg:sv <0x7d40974c>
			streams:  25, words: 81052
		worklib.uvm_pkg:sv <0x7d817da7>
			streams: 4718, words: 12155335
		worklib.uvm_pkg:sv <0x7dc71a42>
			streams:   7, words:  3366
	Building instance specific data structures.
	Loading native compiled code:     .................... Done
	Design hierarchy summary:
		                       Instances  Unique
		Modules:                       2       2
		Interfaces:                    1       1
		Verilog packages:              5       5
		Registers:                 13356   10165
		Vectored wires:                1       -
		Named events:                  4      12
		Always blocks:                 5       5
		Initial blocks:              270     152
		Parallel blocks:              26      27
		Cont. assignments:             1       1
		Assertions:                    2       2
		Covergroup Instances:          0       1
		SV Class declarations:       195     309
		SV Class specializations:    353     353
	Writing initial simulation snapshot: worklib.top:sv
SVSEED default: 1
ncsim: *W,DSEM2009: This SystemVerilog design is simulated as per IEEE 1800-2009 SystemVerilog simulation semantics. Use -disable_sem2009 option for turning off SV 2009 simulation semantics.

-------------------------------------
Relinquished control to SimVision...
ncsim> 
ncsim> source /apps/Infrasys/apps/incisiv/15.20.015/linuxamd/tools/inca/files/ncsimrc
ncsim> source /apps/Infrasys/apps/incisiv/15.20.015/linuxamd/tools/methodology/UVM/CDNS-1.1d/additions/sv/files/tcl/uvm_sim.tcl
ncsim> # Restoring simulation environment...
ncsim> input -quiet .reinvoke.sim
ncsim> file delete .reinvoke.sim
ncsim> run
----------------------------------------------------------------
CDNS-UVM-1.1d (15.20-s015)
(C) 2007-2013 Mentor Graphics Corporation
(C) 2007-2013 Cadence Design Systems, Inc.
(C) 2006-2013 Synopsys, Inc.
(C) 2011-2013 Cypress Semiconductor Corp.
----------------------------------------------------------------

  ***********       IMPORTANT RELEASE NOTES         ************

  You are using a version of the UVM library that has been compiled
  with `UVM_NO_DEPRECATED undefined.
  See http://www.eda.org/svdb/view.php?id=3313 for more details.

  You are using a version of the UVM library that has been compiled
  with `UVM_OBJECT_MUST_HAVE_CONSTRUCTOR undefined.
  See http://www.eda.org/svdb/view.php?id=3770 for more details.

      (Specify +UVM_NO_RELNOTES to turn off this notice)

UVM_INFO @ 0: reporter [RNTST] Running test cpwr_test...
UVM_INFO /apps/Infrasys/apps/incisiv/15.20.015/linuxamd/tools/methodology/UVM/CDNS-1.1d/sv/src/base/uvm_objection.svh(1268) @ 800030: reporter [TEST_DONE] 'run' phase is ready to proceed to the 'extract' phase

--- UVM Report catcher Summary ---


Number of demoted UVM_FATAL reports  :    0
Number of demoted UVM_ERROR reports  :    0
Number of demoted UVM_WARNING reports:    0
Number of caught UVM_FATAL reports   :    0
Number of caught UVM_ERROR reports   :    0
Number of caught UVM_WARNING reports :    0

--- UVM Report Summary ---

** Report counts by severity
UVM_INFO :    2
UVM_WARNING :    0
UVM_ERROR :    0
UVM_FATAL :    0
** Report counts by id
[RNTST]     1
[TEST_DONE]     1
Simulation complete via $finish(1) at time 800030 NS + 44
/apps/Infrasys/apps/incisiv/15.20.015/linuxamd/tools/methodology/UVM/CDNS-1.1d/sv/src/base/uvm_root.svh:457     $finish;
ncsim> ^C
ncsim> exit
TOOL:	irun(64)	15.20-s015: Exiting on Jun 20, 2018 at 15:15:07 IDT  (total: 00:00:25)
